<?xml version="1.0" encoding="UTF-8"?>
<testng-results ignored="0" total="2" passed="2" failed="0" skipped="0">
  <reporter-output>
  </reporter-output>
  <suite started-at="2023-07-22T19:18:48 IST" name="Default suite" finished-at="2023-07-22T19:19:37 IST" duration-ms="49012">
    <groups>
    </groups>
    <test started-at="2023-07-22T19:18:48 IST" name="Default test" finished-at="2023-07-22T19:19:37 IST" duration-ms="49012">
      <class name="tstcs.TC001">
        <test-method signature="login(java.lang.String,java.lang.String)[pri:0, instance:tstcs.TC001@2a4fb17b]" started-at="2023-07-22T19:18:50 IST" name="login" data-provider="login" finished-at="2023-07-22T19:19:37 IST" duration-ms="47004" status="PASS">
          <params>
            <param index="0">
              <value>
                <![CDATA[sampleu650@gmail.com]]>
              </value>
            </param>
            <param index="1">
              <value>
                <![CDATA[Pass@123]]>
              </value>
            </param>
          </params>
          <reporter-output>
          </reporter-output>
        </test-method> <!-- login -->
        <test-method signature="login(java.lang.String,java.lang.String)[pri:0, instance:tstcs.TC001@2a4fb17b]" started-at="2023-07-22T19:18:50 IST" name="login" data-provider="login" finished-at="2023-07-22T19:19:37 IST" duration-ms="46532" status="PASS">
          <params>
            <param index="0">
              <value>
                <![CDATA[Demo123@gmail.com]]>
              </value>
            </param>
            <param index="1">
              <value>
                <![CDATA[Demo@123]]>
              </value>
            </param>
          </params>
          <reporter-output>
          </reporter-output>
        </test-method> <!-- login -->
      </class> <!-- tstcs.TC001 -->
    </test> <!-- Default test -->
  </suite> <!-- Default suite -->
</testng-results>
